-------------------------------------------------------------------------------
Test set: com.alex.example.CarServiceSpec
-------------------------------------------------------------------------------
Tests run: 1, Failures: 0, Errors: 1, Skipped: 0, Time elapsed: 2.19 s <<< FAILURE! - in com.alex.example.CarServiceSpec
validate(com.alex.example.CarServiceSpec)  Time elapsed: 1.703 s  <<< ERROR!
java.lang.IllegalStateException: Failed to load ApplicationContext
Caused by: org.springframework.beans.factory.BeanCreationException: Error creating bean with name 'entityManagerFactory' defined in class path resource [org/springframework/boot/autoconfigure/orm/jpa/HibernateJpaConfiguration.class]: Invocation of init method failed; nested exception is javax.persistence.PersistenceException: [PersistenceUnit: default] Unable to build Hibernate SessionFactory; nested exception is org.hibernate.MappingException: Could not determine type for: com.alex.example.model.Engine, at table: car, for columns: [org.hibernate.mapping.Column(engine)]
Caused by: javax.persistence.PersistenceException: [PersistenceUnit: default] Unable to build Hibernate SessionFactory; nested exception is org.hibernate.MappingException: Could not determine type for: com.alex.example.model.Engine, at table: car, for columns: [org.hibernate.mapping.Column(engine)]
Caused by: org.hibernate.MappingException: Could not determine type for: com.alex.example.model.Engine, at table: car, for columns: [org.hibernate.mapping.Column(engine)]

